<?xml version="1.0" encoding="UTF-8"?>
<!-- Generated by org.testng.reporters.JUnitReportReporter -->
<testsuite hostname="DESKTOP-T9JVRBK" failures="0" tests="2" name="HpCases.Logins" time="36.126" errors="0" timestamp="7 Aug 2024 11:06:29 GMT">
  <testcase classname="HpCases.Logins" name="loginPhone" time="15.026"/>
  <testcase classname="HpCases.Logins" name="loginEmail" time="21.100"/>
</testsuite> <!-- HpCases.Logins -->
