<?xml version="1.0" encoding="UTF-8"?>
<!-- Generated by org.testng.reporters.JUnitReportReporter -->
<testsuite hostname="DESKTOP-T9JVRBK" failures="0" tests="2" name="HpCases.Logins" time="12.917" errors="0" timestamp="2024-08-01T14:35:18 PKT" skipped="0">
  <testcase classname="HpCases.Logins" name="loginEmail" time="6.804"/>
  <testcase classname="HpCases.Logins" name="loginPhone" time="6.113"/>
</testsuite> <!-- HpCases.Logins -->
